5875200
182
1 2
2 2
3 2
4 2
5 2
6 2
7 2
8 2
9 2
10 2
11 2
12 2
13 2
14 2
15 2
16 2
17 2
18 2
19 2
20 2
21 2
22 2
23 2
24 2
25 2
26 2
27 2
28 2
29 2
30 2
31 2
32 2
33 2
34 2
35 2
36 2
37 2
38 2
39 2
40 2
41 2
42 2
43 2
44 2
45 2
46 2
47 2
48 2
49 2
50 2
51 2
52 2
53 2
54 2
55 2
56 2
57 2
58 2
59 2
60 2
61 2
62 2
63 2
64 2
65 2
66 2
67 2
68 2
69 2
70 2
71 2
72 2
73 2
74 2
75 2
76 2
77 2
78 2
79 2
80 2
81 2
82 2
83 8
84 8
85 8
86 8
87 8
88 8
89 8
90 8
91 8
92 8
93 8
94 8
95 8
96 8
97 8
98 8
99 8
100 8
101 8
102 8
103 8
104 8
105 8
106 8
107 8
108 8
109 8
110 8
111 8
112 8
113 8
114 8
115 8
116 8
117 8
118 8
119 8
120 8
121 8
122 8
123 8
124 8
125 8
126 8
127 8
128 8
129 8
130 8
131 8
132 8
133 8
134 8
135 8
136 8
137 8
138 8
139 8
140 8
141 8
142 8
143 8
144 8
145 8
146 16
147 16
148 16
149 16
150 16
151 16
152 16
153 16
154 16
155 16
156 16
157 16
158 32
159 32
160 32
161 32
162 32
163 32
164 32
165 32
166 32
167 32
168 32
169 64
170 64
171 64
172 64
173 64
174 64
175 64
176 64
177 64
178 64
179 128
180 128
181 128
182 128
2 1 0
63 1 0
37 1 0
117 1 0
49 1 363900
126 1 364784
156 1 366590
176 1 0
89 8 777048
130 4 950482
32 1 0
106 8 1300021
68 1 1837431
36 1 1054150
14 1 1936448
51 1 0
181 1 0
64 1 1693362
107 2 2282504
97 4 2350976
174 4 1978171
163 2 2451738
154 4 2451779
180 1 2488010
164 1 88889
85 1 88874
114 1 88885
133 1 88898
99 8 0
147 8 2054913
144 1 2607683
148 8 643838
177 1 88706
125 8 493926
95 1 1026913
97 1 432722
128 1 1017375
159 1 678551
85 1 88892
45 1 767526
169 1 1067296
73 1 0
70 1 3052128
157 1 2755172
56 1 0
134 8 3092573
81 1 0
180 1 106178
13 1 106175
36 1 106177
151 1 106176
55 1 106179
66 1 106183
117 1 106185
179 1 0
68 1 106193
25 1 106199
85 1 106201
32 1 106205
13 1 106206
72 1 106026
58 1 106218
93 1 106216
88 1 106223
26 1 106229
157 1 0
51 1 106231
113 1 106233
84 1 1087906
93 1 106232
77 1 106235
96 1 106238
152 1 106241
160 1 88601
139 1 1087986
3 1 88605
40 1 88428
88 1 88769
52 1 0
179 1 88787
90 1 88619
12 1 0
94 1 88621
157 1 88622
26 1 88790
151 1 88625
145 1 88628
149 1 88793
74 1 88794
62 1 88631
165 8 0
11 1 3401361
53 1 0
90 1 3406411
140 1 1213109
138 8 2755096
170 4 3483988
124 4 2753008
174 1 3484535
48 1 1594554
181 8 0
1 1 3544147
162 1 2072756
117 1 3544174
133 1 1088368
83 1 3108577
47 1 3174499
95 1 3108853
30 1 3545489
130 1 3174464
35 1 3101111
162 16 0
88 1 1076306
87 8 0
72 1 3560859
69 1 127764
58 1 372328
132 8 0
122 8 0
76 1 105898
143 1 84355
57 1 3170452
115 1 3172230
104 1 86943
133 1 88589
86 1 3172759
49 1 3174632
181 1 2761577
171 2 580343
137 1 0
163 1 1101918
176 1 106203
84 1 88599
165 1 88700
83 1 3174746
177 1 3171168
166 1 0
93 1 88607
19 1 88600
181 1 88689
114 1 88819
9 1 88606
177 1 106156
69 1 105887
177 1 105977
142 1 105786
158 1 106080
6 1 106021
178 1 106206
121 1 105836
48 1 106098
171 1 88497
176 1 88598
121 1 88348
97 1 106173
166 16 0
182 1 88611
161 8 0
79 1 88291
83 1 88959
143 1 89018
28 1 89027
3 1 89028
119 1 89030
100 1 1102151
77 1 89031
152 1 89034
27 1 1087830
22 1 57588
96 1 3701083
116 8 0
180 8 493863
114 1 636302
91 8 493887
120 8 494081
151 8 494146
142 1 0
118 8 1229171
102 8 1232775
14 1 0
34 1 0
73 1 0
127 1 88634
153 1 178924
114 1 0
63 1 360000
79 1 1154718
61 1 1779153
40 1 1885390
173 8 691473
149 8 27000
86 1 0
53 1 0
52 1 0
43 1 0
154 4 0
143 4 0
22 1 581138
64 1 1851410
163 1 3174656
115 1 0
105 1 0
152 4 0
34 1 60124
107 1 148145
153 8 1382864
167 8 2481649
103 8 2481642
81 1 0
95 1 1394827
35 1 1394727
66 1 1011389
167 8 3476792
1 1 581094
20 1 949584
98 1 161323
175 8 0
110 1 324088
141 2 581245
175 8 0
117 1 1061551
65 1 1712035
151 1 2011563
54 1 0
168 8 153313
163 8 2951957
165 8 1382894
165 1 3007890
159 1 226482
20 1 0
170 8 0
113 1 591991
84 4 71434
171 1 1088859
19 1 1088603
54 1 1087872
139 1 1088496
15 1 1088576
159 1 1088763
168 1 1088950
182 1 1088721
37 1 1088664
151 1 1088413
97 1 1056826
78 1 1088639
61 1 1088446
172 1 1088380
119 1 1088830
33 1 1088253
100 1 1089002
84 1 1088133
153 1 1088386
80 1 1088239
168 1 1088202
148 1 1088100
157 2 527954
143 1 1580688
84 1 544983
165 4 93612
130 1 0
175 8 407363
177 8 0
115 1 0
145 1 1993309
121 1 1011333
155 8 0
179 8 0
171 8 150044
104 1 1128281
2 1 1135
18 1 949777
158 8 551862
162 1 76630
129 8 292587
166 4 101982
168 8 0
136 1 1153392
28 1 1087350
6 1 367487
142 1 1087699
43 1 1087338
78 1 1087415
83 1 1088136
140 4 0
119 4 0
163 4 0
133 1 76655
142 1 76656
156 1 1087810
109 8 0
147 8 0
175 8 106478
154 8 0
174 16 0
144 1 0
112 2 949780
182 16 0
123 1 0
180 8 0
169 16 0
170 8 0
176 1 1009896
165 1 1009865
95 1 1009536
23 1 684788
179 1 1009873
157 8 0
181 1 1009831
176 16 0
182 16 0
150 16 0
169 16 0
159 8 0
164 8 0
111 8 0
165 8 220818
172 16 0
179 16 0
163 16 0
169 16 0
174 8 0
152 8 0
179 8 0
159 8 0
155 8 177551
101 8 0
172 2 1189727
98 4 1036373
159 1 1219203
107 1 0
130 1 0
180 1 0
112 1 0
145 1 0
16 1 0
161 1 0
50 1 0
46 1 0
82 1 0
94 1 0
44 1 0
63 1 0
57 1 0
8 1 0
42 1 0
173 1 0
131 1 0
39 1 0
8 1 0
47 1 0
152 1 0
180 1 0
100 1 0
181 1 0
32 1 0
119 1 0
166 1 0
131 1 0
39 1 0
171 1 0
27 1 0
94 1 0
126 1 0
164 1 0
45 1 0
161 1 0
158 1 0
167 1 0
144 1 0
135 1 0
107 1 0
86 1 0
4 1 0
178 1 0
121 1 0
119 1 0
42 1 0
162 1 0
25 1 0
76 1 0
93 1 0
142 1 0
179 1 0
179 1 0
180 1 0
21 1 0
180 1 0
177 1 0
70 1 0
180 1 0
146 1 0
113 1 0
93 1 0
142 1 0
65 1 0
167 1 0
11 1 0
16 1 0
156 1 0
128 1 0
12 1 0
135 1 0
71 1 0
160 1 0
168 1 0
152 1 0
159 1 0
176 1 0
119 1 0
128 1 0
62 1 0
115 1 0
171 1 0
169 1 0
8 1 0
113 1 0
38 1 0
177 1 0
50 1 0
50 1 0
55 1 0
141 1 0
7 1 0
119 1 0
173 1 0
130 1 0
83 1 0
165 1 0
10 1 0
128 1 0
33 1 0
174 1 0
144 1 0
171 1 0
86 1 0
159 1 0
141 1 0
93 1 0
104 1 0
149 1 0
67 1 0
92 1 0
8 1 0
75 1 0
60 1 0
75 1 0
41 1 0
88 1 0
12 1 0
98 1 0
46 1 0
85 1 0
156 1 0
174 1 0
90 1 0
173 1 0
45 1 0
168 1 0
174 1 0
10 1 0
65 1 0
60 1 0
153 1 0
32 1 0
29 1 0
95 1 0
96 1 0
182 1 0
173 1 103184
25 1 0
62 1 0
168 1 0
117 1 0
124 1 0
74 1 0
117 1 0
63 1 0
88 1 0
24 1 0
135 1 0
94 1 0
156 1 0
174 1 0
31 1 0
95 1 0
105 1 0
94 1 0
176 1 0
170 1 0
136 2 0
113 1 0
44 1 0
139 1 0
181 1 0
130 1 0
4 1 0
76 1 0
165 1 0
140 1 0
171 1 0
80 1 0
92 1 0
174 1 0
181 1 0
27 1 0
47 1 0
92 1 0
38 1 0
9 1 0
133 1 0
181 1 0
31 1 0
112 1 0
75 1 0
141 1 0
33 1 0
148 1 0
142 1 0
59 1 0
164 1 0
113 1 0
170 1 0
153 1 0
39 1 0
179 1 0
142 1 0
144 1 0
114 1 0
18 1 0
133 1 0
46 1 0
149 1 0
88 1 0
110 1 0
21 1 0
80 1 0
151 1 0
144 1 0
119 1 0
62 1 0
105 1 0
152 1 0
46 1 0
177 1 0
151 1 0
175 1 0
181 1 0
42 1 0
137 1 0
115 1 0
16 1 0
165 1 0
175 1 0
21 1 0
95 1 0
110 1 0
145 1 0
170 1 0
27 1 0
168 1 0
8 1 0
10 1 0
57 1 0
33 1 0
137 1 0
100 1 0
145 1 0
7 1 0
139 1 0
141 1 0
140 1 0
136 1 0
162 1 0
10 1 0
158 1 0
24 1 0
59 1 0
5 1 0
161 1 0
178 1 0
62 1 0
140 1 0
169 1 0
119 1 0
177 1 0
83 1 0
50 1 0
67 1 0
174 1 0
23 1 0
110 1 0
39 1 0
156 1 0
97 1 0
145 1 0
74 1 0
67 1 0
127 1 0
39 1 0
172 1 0
180 1 0
17 1 0
4 1 0
149 1 0
137 1 0
92 1 0
86 1 0
15 1 0
156 1 0
144 1 0
178 8 0
11 1 0
131 1 0
175 1 0
65 1 0
105 1 0
145 1 0
136 1 0
149 1 0
145 1 0
130 1 0
105 1 0
8 1 0
170 1 0
151 1 0
98 1 0
27 1 0
121 1 0
164 1 0
70 1 0
25 1 0
7 1 0
113 1 0
173 1 0
56 1 0
39 1 0
115 1 0
162 1 0
140 1 0
172 1 0
114 1 0
94 1 0
173 1 0
29 1 0
173 1 0
93 1 0
181 1 0
136 1 0
97 1 0
5 1 0
100 1 0
110 1 0
137 1 0
135 1 0
24 1 0
115 1 0
145 1 0
162 1 0
145 1 0
108 1 0
97 1 0
153 1 0
108 1 0
95 1 0
38 1 0
170 1 0
23 1 0
152 1 0
176 1 0
178 1 0
5 1 0
63 1 0
151 1 0
100 1 0
45 1 0
112 1 0
159 1 0
168 1 0
57 1 0
30 1 0
67 1 0
113 1 0
62 1 0
27 1 0
131 1 0
115 1 0
164 1 0
105 1 0
15 1 0
180 1 0
136 1 0
159 1 0
148 1 0
146 1 0
159 1 0
8 1 0
95 1 0
166 1 0
153 1 0
44 1 0
143 1 0
165 1 0
131 1 0
171 1 0
173 8 0
139 1 0
94 1 0
110 1 0
161 1 0
173 1 0
56 1 0
107 1 0
42 1 0
130 1 0
92 1 0
70 1 0
75 1 0
127 1 0
141 1 0
140 1 0
153 1 0
18 1 0
100 1 0
171 1 0
59 1 0
47 1 0
137 1 0
60 1 0
156 1 0
23 1 0
181 1 0
117 1 0
170 1 0
25 1 0
96 1 0
27 1 0
131 1 0
59 1 0
172 1 0
177 1 0
10 1 0
97 1 0
104 1 0
74 1 0
158 1 0
9 1 0
30 1 0
5 1 0
108 1 0
142 1 0
107 1 0
158 1 0
12 1 0
32 1 0
140 1 0
44 1 0
146 1 0
75 1 0
86 1 0
100 1 0
119 1 0
93 1 0
95 1 0
135 1 0
71 1 0
142 1 0
144 1 0
148 1 0
140 1 0
124 1 0
140 1 0
142 1 0
158 1 0
123 1 0
169 1 0
168 1 0
105 1 0
65 1 0
144 1 0
63 1 0
130 1 0
88 1 0
17 1 0
62 1 0
164 1 0
70 1 0
151 1 0
180 1 0
161 1 0
166 1 0
178 1 0
21 1 0
59 1 0
42 1 0
27 1 0
126 1 0
121 1 0
41 1 0
42 1 0
104 1 0
117 1 0
96 1 0
173 1 0
29 1 0
156 1 0
57 1 0
168 1 0
67 1 0
139 1 0
93 1 0
31 1 0
157 1 0
18 1 0
112 1 0
133 1 0
33 1 0
94 1 0
107 1 0
170 1 0
75 1 0
162 1 0
162 1 0
47 1 0
4 1 0
133 1 0
110 1 0
105 1 0
153 1 0
166 1 0
173 1 0
107 1 0
168 1 0
126 1 0
119 1 0
166 8 0
156 1 0
45 1 0
115 1 0
80 1 0
107 1 0
39 1 0
94 1 0
137 1 0
18 1 0
121 1 0
82 1 0
182 1 0
114 1 0
44 1 0
39 1 0
88 1 0
50 1 0
75 1 0
174 1 0
98 1 0
60 1 0
148 1 0
180 1 0
146 1 0
110 1 0
55 1 0
41 1 0
17 1 0
175 1 0
86 1 0
110 1 0
29 1 0
71 1 0
131 1 0
23 1 0
151 1 0
88 1 0
63 1 0
144 1 0
152 1 0
181 1 0
144 1 0
144 1 0
9 1 0
141 1 0
170 1 0
128 1 0
164 1 0
142 1 0
96 1 0
32 1 0
145 1 0
181 1 0
112 1 0
167 1 0
5 1 0
42 1 0
11 1 0
126 1 0
170 1 0
70 1 0
27 1 0
175 1 0
160 1 0
131 1 0
139 1 0
113 1 0
124 1 0
141 1 0
146 4 0
85 1 0
90 1 0
60 1 0
71 1 0
141 1 0
82 1 0
80 1 0
92 1 0
112 1 0
45 1 0
177 1 0
164 1 0
5 1 0
131 1 0
127 1 0
167 1 0
39 1 0
177 1 0
127 1 0
57 1 0
65 1 0
85 1 0
160 1 0
133 1 0
39 1 0
117 1 0
47 1 0
44 1 0
178 1 0
180 1 0
141 1 0
140 1 0
161 1 0
93 1 0
148 1 0
62 1 0
5 1 0
71 1 0
110 1 0
92 1 0
100 1 0
4 1 0
5 1 0
57 1 0
97 1 0
169 1 0
130 1 0
136 1 0
182 1 0
165 1 0
149 1 0
25 1 0
170 1 0
114 1 0
92 1 0
146 1 0
171 1 0
85 1 0
8 1 0
162 1 0
9 1 0
172 1 0
50 1 0
117 1 0
158 1 0
158 1 0
164 1 0
145 1 0
56 1 0
108 1 0
44 1 0
92 1 0
41 1 0
4 1 0
143 1 0
59 1 0
176 1 0
67 1 0
146 1 0
16 1 0
65 1 0
146 1 0
124 1 0
139 1 0
46 1 0
25 1 0
170 1 0
180 1 0
71 1 0
110 1 0
161 1 0
31 1 0
180 1 0
83 1 0
181 1 0
140 1 0
105 1 0
108 1 0
135 1 0
141 1 0
175 1 0
44 1 0
162 1 0
70 1 0
140 1 0
177 1 0
31 1 0
152 1 0
136 1 0
29 1 0
95 1 0
100 1 0
67 1 0
15 1 0
167 1 0
63 1 0
97 1 0
8 1 0
131 1 0
158 1 0
11 1 0
98 1 0
137 1 0
56 1 0
83 1 0
18 1 0
171 1 0
44 1 0
97 1 0
90 1 0
45 1 0
177 1 0
15 1 0
127 1 0
32 1 0
9 1 0
149 1 0
124 1 0
140 1 0
157 1 0
128 1 0
90 1 0
139 1 0
179 1 0
165 1 0
108 1 0
92 1 0
110 1 0
104 1 0
174 1 0
180 1 0
151 1 0
142 1 0
24 1 0
179 1 0
137 1 0
10 1 0
98 1 0
175 1 0
121 1 0
131 1 0
67 1 0
45 1 0
29 1 0
181 1 0
50 1 0
121 1 0
17 1 0
97 1 0
88 1 0
153 1 0
115 1 0
141 1 0
92 1 0
179 1 0
112 1 0
33 1 0
121 1 0
93 1 0
119 1 0
117 1 0
157 1 0
143 1 0
144 1 0
27 1 0
44 1 0
33 1 0
15 1 0
157 1 0
159 1 0
124 1 0
95 1 0
123 1 0
110 1 0
12 1 0
60 1 0
94 1 0
41 1 0
145 1 0
107 1 0
7 1 0
18 1 0
104 1 0
142 1 0
71 1 0
172 1 0
30 1 0
124 1 0
131 1 0
178 1 0
162 1 0
71 1 0
128 1 0
112 1 0
86 1 0
166 1 0
145 1 0
16 1 0
148 1 0
156 1 0
97 1 0
182 1 0
151 1 0
136 1 0
107 1 0
96 1 0
105 1 0
169 1 0
146 1 0
140 1 0
148 1 0
8 1 0
62 1 0
42 1 0
121 1 0
21 1 0
136 1 0
164 1 0
98 1 0
25 1 0
65 1 0
71 1 0
21 1 0
107 1 0
67 1 0
60 1 0
128 1 0
144 1 0
32 1 0
80 1 0
42 1 0
11 1 0
127 1 0
59 1 0
176 1 0
114 1 0
5 1 0
29 1 0
10 1 0
67 1 0
85 1 0
60 1 0
165 1 0
39 1 0
23 1 0
126 1 0
152 1 0
141 1 0
176 1 0
151 1 0
50 1 0
131 1 0
92 1 0
95 1 0
174 1 0
127 1 0
142 1 0
162 1 0
75 1 0
135 1 0
67 1 0
9 1 0
86 1 0
75 1 0
173 1 0
177 1 0
24 1 0
160 1 0
65 1 0
12 1 0
114 1 0
47 1 0
135 1 0
178 1 0
169 8 0
95 1 0
82 1 0
161 8 0
175 1 0
92 8 0
171 1 0
146 1 0
128 1 0
180 1 0
114 1 0
39 1 0
124 1 0
165 1 0
177 8 0
160 8 0
108 1 0
164 8 0
90 1 0
114 1 0
18 1 0
172 1 0
124 1 0
11 1 0
115 1 0
159 1 0
130 1 0
141 4 0
172 1 0
107 1 0
5 1 0
177 1 0
173 8 0
38 1 0
41 1 0
135 1 0
38 1 0
27 1 0
136 1 0
137 1 0
94 1 0
74 1 0
158 2 0
180 1 0
177 4 0
39 1 0
46 1 0
139 2 0
161 8 0
25 1 0
160 8 0
100 1 0
127 1 0
90 4 0
152 1 0
168 8 0
113 1 0
60 1 0
148 4 0
112 4 0
145 1 0
126 1 0
171 1 0
88 1 0
179 4 0
83 4 0
62 1 0
124 1 0
175 2 0
175 1 0
117 4 0
158 4 0
151 4 0
41 1 0
27 1 0
113 4 0
149 4 0
10 1 0
136 4 0
86 4 0
10 1 0
128 4 0
90 4 0
156 1 0
121 4 0
70 1 0
133 1 0
169 2 0
100 2 0
96 4 0
164 4 0
146 4 0
143 1 0
160 8 0
144 4 0
105 4 0
121 1 0
175 4 0
173 4 0
46 1 0
172 1 0
9 1 0
136 1 0
169 1 0
131 1 0
181 2 0
178 4 0
124 1 0
115 4 0
110 4 0
135 1 0
164 4 0
114 1 0
105 1 0
108 4 0
177 1 0
121 1 0
156 1 0
7 1 0
141 4 0
65 1 0
181 4 0
157 1 0
90 1 0
143 1 0
11 1 0
158 1 0
160 8 0
135 4 0
97 1 0
98 1 0
127 1 0
100 4 0
181 8 0
47 1 0
145 1 0
157 1 0
33 1 0
145 1 0
18 1 0
31 1 0
162 1 0
55 1 0
142 1 0
156 1 0
112 1 0
126 1 0
131 1 0
47 1 0
86 1 0
113 1 0
146 1 0
166 1 0
136 1 0
146 1 0
113 1 0
38 1 0
93 1 0
162 1 0
119 1 0
160 1 0
144 1 0
115 1 0
148 1 0
33 1 0
159 1 0
159 1 0
175 1 0
174 1 0
57 1 0
165 1 0
177 1 0
4 1 0
145 1 0
136 1 0
133 1 0
133 1 0
157 1 0
112 1 0
4 1 0
156 1 0
124 1 0
177 1 0
46 1 0
140 1 0
146 1 0
16 1 0
71 1 0
162 1 0
39 1 0
144 1 0
135 1 0
178 1 0
177 1 0
27 1 0
171 1 0
146 1 0
153 1 0
97 1 0
59 1 0
114 1 0
56 1 0
71 1 0
115 1 0
144 1 0
32 1 0
156 1 0
105 1 0
30 1 0
161 1 0
180 1 0
104 1 0
112 1 0
85 1 0
50 1 0
149 1 0
174 1 0
176 1 0
45 1 0
60 1 0
47 1 0
110 1 0
96 1 0
97 1 0
157 1 0
59 1 4503039
124 1 0
153 1 0
148 1 0
104 1 0
98 2 0
39 1 0
137 1 0
115 1 0
135 1 0
168 1 0
97 1 0
181 1 0
93 1 0
166 1 0
62 1 0
17 1 0
124 1 0
8 1 0
50 1 0
168 1 0
133 1 0
62 1 0
171 16 0
46 1 0
177 16 0
176 16 0
131 1 0
95 1 0
114 1 0
139 1 0
182 8 0
131 8 0
159 8 0
169 8 0
44 1 0
108 1 0
170 16 0
86 1 0
82 1 0
67 1 0
164 1 0
145 1 0
162 1 0
168 8 0
141 1 0
182 8 0
177 8 0
136 2 0
181 8 0
177 1 0
177 8 0
171 8 0
174 1 0
104 4 0
82 1 0
165 1 0
128 1 0
30 1 0
179 8 0
39 1 0
100 1 0
114 1 0
168 4 0
139 4 0
55 1 0
8 1 0
94 1 0
168 1 0
50 1 0
74 1 1012855
88 1 0
41 1 0
108 1 0
135 4 0
181 4 0
24 1 0
126 1 0
32 1 0
130 1 0
108 8 0
115 1 0
175 4 0
178 8 0
152 1 0
12 1 0
113 1 0
31 1 0
160 1 0
97 1 0
65 1 0
12 1 0
137 1 0
172 1 0
159 1 0
88 1 0
162 1 0
161 1 0
121 1 0
165 1 0
27 1 0
133 1 0
30 1 0
42 1 0
173 1 0
172 1 0
141 1 0
167 1 0
136 1 0
5 1 0
7 1 0
179 1 0
96 1 0
82 1 0
157 1 0
161 1 0
16 1 0
158 1 0
11 1 0
124 1 0
176 1 0
170 1 0
86 1 0
143 1 0
4 1 0
46 1 0
159 1 0
144 1 0
98 1 0
67 1 0
59 1 0
39 1 0
5 1 0
112 1 0
160 1 0
97 1 0
82 1 0
137 1 0
173 1 0
24 1 0
128 1 0
12 1 0
140 1 0
80 1 0
44 1 0
137 1 0
127 1 0
8 1 0
153 1 0
96 1 0
123 1 0
165 1 0
167 1 0
137 1 0
144 1 0
119 1 0
123 1 0
25 1 0
119 1 0
98 1 0
71 1 0
167 1 0
168 1 0
182 1 0
137 1 0
95 1 0
93 1 0
21 1 0
162 1 0
148 1 0
169 1 0
166 1 0
42 1 0
158 1 0
139 1 0
143 1 0
178 1 0
158 1 0
29 1 0
75 1 0
96 1 0
115 1 0
18 1 0
5 1 0
100 1 0
178 1 0
176 1 0
46 1 0
100 1 0
169 1 0
165 1 0
114 1 0
137 1 0
110 1 0
29 1 0
100 1 0
168 4 0
172 1 0
114 1 0
170 8 0
8 1 0
21 1 0
148 1 0
38 1 0
164 4 0
140 1 0
25 1 0
149 1 4131375
15 1 0
98 1 0
80 1 4131378
172 8 0
104 1 4131197
133 2 0
27 1 0
158 1 1399586
107 1 0
107 1 0
41 1 0
172 1 0
70 1 4131388
11 1 0
159 1 0
137 1 0
41 1 0
15 1 0
113 1 0
140 1 0
17 2 0
175 1 0
17 1 0
104 1 0
105 1 0
182 1 0
144 1 0
7 1 0
179 8 0
180 8 0
112 1 0
114 1 0
182 1 0
57 1 0
173 8 0
16 1 0
56 1 0
136 1 0
11 1 0
105 1 0
162 1 0
82 1 0
146 1 0
97 1 0
44 1 0
45 1 0
25 1 0
94 1 0
161 1 0
96 1 0
164 1 0
176 1 0
18 1 0
105 1 0
23 1 0
75 1 0
93 1 0
149 1 0
149 1 0
65 1 0
148 1 0
160 1 0
105 1 0
167 1 0
7 1 0
46 1 0
121 1 0
33 1 0
179 1 0
39 1 0
100 1 0
178 1 0
136 1 0
44 1 0
182 1 0
137 1 0
23 1 0
141 1 0
95 1 0
44 1 0
96 1 0
30 1 0
182 1 0
146 1 0
24 1 0
139 1 0
75 1 0
146 1 0
96 1 0
174 1 0
93 1 0
95 1 0
56 1 0
137 1 0
23 1 0
139 1 0
142 1 0
160 1 0
108 1 0
170 1 0
124 1 0
88 1 0
128 1 0
115 1 0
167 1 0
39 1 0
38 1 0
153 1 3732189
17 1 0
10 1 0
59 1 0
8 1 0
149 1 0
130 1 0
94 1 0
33 1 0
165 1 0
127 1 0
140 1 0
166 1 0
160 1 0
21 1 0
127 1 0
44 1 0
29 1 0
175 1 0
44 1 0
173 1 0
32 1 0
174 1 0
144 1 0
5 1 0
56 1 0
170 1 0
127 1 0
181 1 0
86 1 0
21 1 0
67 1 0
164 1 0
27 1 0
178 1 0
127 1 0
180 1 0
47 1 0
59 1 0
158 8 0
176 1 0
7 1 0
179 1 0
174 1 0
18 1 0
23 1 0
173 8 0
127 1 0
137 1 0
113 1 0
178 1 0
146 8 0
173 8 0
160 1 0
38 1 0
175 1 0
57 1 0
100 1 0
60 1 0
171 1 0
17 1 0
162 1 0
113 1 0
173 1 0
27 1 0
135 1 0
143 1 0
171 1 0
173 8 0
157 1 0
88 1 0
180 1 0
110 1 0
86 1 0
169 1 0
31 1 0
82 1 0
21 1 0
44 1 0
47 1 0
177 16 0
175 1 0
29 1 0
18 1 0
85 1 0
159 1 0
63 1 0
133 1 0
115 1 0
104 1 0
133 1 0
123 1 0
18 1 0
21 1 0
30 1 0
174 1 0
45 1 0
182 1 0
156 1 0
171 1 0
50 1 0
93 1 0
152 1 0
62 1 0
8 1 0
59 1 0
172 1 0
123 1 0
82 1 0
164 1 0
176 1 0
97 1 0
7 1 0
46 1 0
100 1 0
33 1 0
127 1 0
29 1 0
50 1 0
95 1 0
25 1 0
144 1 0
146 1 0
135 1 0
44 1 0
95 1 0
144 1 0
161 1 0
38 1 0
133 1 0
172 1 0
146 1 0
148 1 0
142 1 0
140 1 0
179 1 0
98 1 0
121 1 0
42 1 0
159 1 0
140 1 0
112 1 0
31 1 0
141 1 0
176 1 0
149 1 0
165 1 0
141 1 0
114 1 0
178 1 0
148 1 0
162 1 0
119 1 0
130 1 0
94 1 0
158 1 0
93 1 0
115 1 0
159 1 0
29 1 0
95 1 0
142 1 0
158 1 0
180 1 0
30 1 0
65 1 0
32 1 0
164 1 0
136 1 3588792
50 1 0
86 1 0
93 1 0
135 1 0
158 16 0
